android/app/build/intermediates/manifest_merge_blame_file/release/processReleaseMainManifest/manifest-merger-blame-release-report.txt
1<?xml version="1.0" encoding="utf-8"?>
2<manifest xmlns:android="http://schemas.android.com/apk/res/android"
3    package="com.assettrack"
4    android:versionCode="1"
5    android:versionName="1.0.0" >
6
7    <uses-sdk
8        android:minSdkVersion="26"
9        android:targetSdkVersion="35" />
10
11    <!-- Network -->
12    <uses-permission android:name="android.permission.INTERNET" />
12-->src/main/AndroidManifest.xml:6:5-67
12-->src/main/AndroidManifest.xml:6:22-64
13    <uses-permission android:name="android.permission.ACCESS_NETWORK_STATE" />
13-->src/main/AndroidManifest.xml:7:5-79
13-->src/main/AndroidManifest.xml:7:22-76
14
15    <!-- Camera -->
16    <uses-permission android:name="android.permission.CAMERA" />
16-->src/main/AndroidManifest.xml:10:5-65
16-->src/main/AndroidManifest.xml:10:22-62
17
18    <uses-feature
18-->src/main/AndroidManifest.xml:11:5-85
19        android:name="android.hardware.camera"
19-->src/main/AndroidManifest.xml:11:19-57
20        android:required="false" />
20-->src/main/AndroidManifest.xml:11:58-82
21
22    <!-- Location -->
23    <uses-permission android:name="android.permission.ACCESS_FINE_LOCATION" />
23-->src/main/AndroidManifest.xml:14:5-79
23-->src/main/AndroidManifest.xml:14:22-76
24    <uses-permission android:name="android.permission.ACCESS_COARSE_LOCATION" />
24-->src/main/AndroidManifest.xml:15:5-81
24-->src/main/AndroidManifest.xml:15:22-78
25
26    <!-- Storage -->
27    <uses-permission android:name="android.permission.READ_MEDIA_IMAGES" />
27-->src/main/AndroidManifest.xml:18:5-76
27-->src/main/AndroidManifest.xml:18:22-73
28    <uses-permission
28-->src/main/AndroidManifest.xml:19:5-20:38
29        android:name="android.permission.WRITE_EXTERNAL_STORAGE"
29-->src/main/AndroidManifest.xml:19:22-78
30        android:maxSdkVersion="28" />
30-->src/main/AndroidManifest.xml:20:9-35
31    <uses-permission
31-->src/main/AndroidManifest.xml:21:5-22:38
32        android:name="android.permission.READ_EXTERNAL_STORAGE"
32-->src/main/AndroidManifest.xml:21:22-77
33        android:maxSdkVersion="32" />
33-->src/main/AndroidManifest.xml:22:9-35
34
35    <!-- Sync Service -->
36    <uses-permission android:name="android.permission.REQUEST_IGNORE_BATTERY_OPTIMIZATIONS" />
36-->src/main/AndroidManifest.xml:25:5-95
36-->src/main/AndroidManifest.xml:25:22-92
37    <uses-permission android:name="android.permission.FOREGROUND_SERVICE" />
37-->src/main/AndroidManifest.xml:26:5-77
37-->src/main/AndroidManifest.xml:26:22-74
38    <uses-permission android:name="android.permission.FOREGROUND_SERVICE_DATA_SYNC" />
38-->src/main/AndroidManifest.xml:27:5-87
38-->src/main/AndroidManifest.xml:27:22-84
39    <uses-permission android:name="android.permission.WAKE_LOCK" />
39-->[androidx.work:work-runtime:2.9.0] AndroidManifest.xml:23:5-68
39-->[androidx.work:work-runtime:2.9.0] AndroidManifest.xml:23:22-65
40    <uses-permission android:name="android.permission.RECEIVE_BOOT_COMPLETED" />
40-->[androidx.work:work-runtime:2.9.0] AndroidManifest.xml:25:5-81
40-->[androidx.work:work-runtime:2.9.0] AndroidManifest.xml:25:22-78
41
42    <permission
42-->[androidx.core:core:1.13.1] AndroidManifest.xml:22:5-24:47
43        android:name="com.assettrack.DYNAMIC_RECEIVER_NOT_EXPORTED_PERMISSION"
43-->[androidx.core:core:1.13.1] AndroidManifest.xml:23:9-81
44        android:protectionLevel="signature" />
44-->[androidx.core:core:1.13.1] AndroidManifest.xml:24:9-44
45
46    <uses-permission android:name="com.assettrack.DYNAMIC_RECEIVER_NOT_EXPORTED_PERMISSION" />
46-->[androidx.core:core:1.13.1] AndroidManifest.xml:26:5-97
46-->[androidx.core:core:1.13.1] AndroidManifest.xml:26:22-94
47
48    <application
48-->src/main/AndroidManifest.xml:29:5-80:19
49        android:name="com.assettrack.AssetTrackApp"
49-->src/main/AndroidManifest.xml:30:9-38
50        android:allowBackup="true"
50-->src/main/AndroidManifest.xml:31:9-35
51        android:appComponentFactory="androidx.core.app.CoreComponentFactory"
51-->[androidx.core:core:1.13.1] AndroidManifest.xml:28:18-86
52        android:extractNativeLibs="false"
53        android:icon="@mipmap/ic_launcher"
53-->src/main/AndroidManifest.xml:32:9-43
54        android:label="@string/app_name"
54-->src/main/AndroidManifest.xml:34:9-41
55        android:networkSecurityConfig="@xml/network_security_config"
55-->src/main/AndroidManifest.xml:37:9-69
56        android:roundIcon="@mipmap/ic_launcher_round"
56-->src/main/AndroidManifest.xml:33:9-54
57        android:supportsRtl="true"
57-->src/main/AndroidManifest.xml:35:9-35
58        android:theme="@style/Theme.AssetTrack" >
58-->src/main/AndroidManifest.xml:36:9-48
59        <activity
59-->src/main/AndroidManifest.xml:39:9-48:20
60            android:name="com.assettrack.MainActivity"
60-->src/main/AndroidManifest.xml:40:13-41
61            android:enableOnBackInvokedCallback="true"
61-->src/main/AndroidManifest.xml:43:13-55
62            android:exported="true"
62-->src/main/AndroidManifest.xml:41:13-36
63            android:windowSoftInputMode="adjustResize" >
63-->src/main/AndroidManifest.xml:42:13-55
64            <intent-filter>
64-->src/main/AndroidManifest.xml:44:13-47:29
65                <action android:name="android.intent.action.MAIN" />
65-->src/main/AndroidManifest.xml:45:17-69
65-->src/main/AndroidManifest.xml:45:25-66
66
67                <category android:name="android.intent.category.LAUNCHER" />
67-->src/main/AndroidManifest.xml:46:17-77
67-->src/main/AndroidManifest.xml:46:27-74
68            </intent-filter>
69        </activity>
70
71        <!-- Foreground Service untuk sync (menggantikan WorkManager di MIUI) -->
72        <service
72-->src/main/AndroidManifest.xml:51:9-55:56
73            android:name="com.assettrack.service.SyncForegroundService"
73-->src/main/AndroidManifest.xml:52:13-58
74            android:enabled="true"
74-->src/main/AndroidManifest.xml:53:13-35
75            android:exported="false"
75-->src/main/AndroidManifest.xml:54:13-37
76            android:foregroundServiceType="dataSync" />
76-->src/main/AndroidManifest.xml:55:13-53
77
78        <!-- FileProvider untuk kamera dan share file -->
79        <provider
80            android:name="androidx.core.content.FileProvider"
80-->src/main/AndroidManifest.xml:59:13-62
81            android:authorities="com.assettrack.fileprovider"
81-->src/main/AndroidManifest.xml:60:13-64
82            android:exported="false"
82-->src/main/AndroidManifest.xml:61:13-37
83            android:grantUriPermissions="true" >
83-->src/main/AndroidManifest.xml:62:13-47
84            <meta-data
84-->src/main/AndroidManifest.xml:63:13-65:54
85                android:name="android.support.FILE_PROVIDER_PATHS"
85-->src/main/AndroidManifest.xml:64:17-67
86                android:resource="@xml/file_paths" />
86-->src/main/AndroidManifest.xml:65:17-51
87        </provider>
88
89        <!-- Disable WorkManager default init, pakai Hilt factory -->
90        <provider
91            android:name="androidx.startup.InitializationProvider"
91-->src/main/AndroidManifest.xml:70:13-67
92            android:authorities="com.assettrack.androidx-startup"
92-->src/main/AndroidManifest.xml:71:13-68
93            android:exported="false" >
93-->src/main/AndroidManifest.xml:72:13-37
94            <meta-data
94-->[androidx.emoji2:emoji2:1.3.0] AndroidManifest.xml:29:13-31:52
95                android:name="androidx.emoji2.text.EmojiCompatInitializer"
95-->[androidx.emoji2:emoji2:1.3.0] AndroidManifest.xml:30:17-75
96                android:value="androidx.startup" />
96-->[androidx.emoji2:emoji2:1.3.0] AndroidManifest.xml:31:17-49
97            <meta-data
97-->[androidx.lifecycle:lifecycle-process:2.8.3] AndroidManifest.xml:29:13-31:52
98                android:name="androidx.lifecycle.ProcessLifecycleInitializer"
98-->[androidx.lifecycle:lifecycle-process:2.8.3] AndroidManifest.xml:30:17-78
99                android:value="androidx.startup" />
99-->[androidx.lifecycle:lifecycle-process:2.8.3] AndroidManifest.xml:31:17-49
100            <meta-data
100-->[androidx.profileinstaller:profileinstaller:1.3.1] AndroidManifest.xml:29:13-31:52
101                android:name="androidx.profileinstaller.ProfileInstallerInitializer"
101-->[androidx.profileinstaller:profileinstaller:1.3.1] AndroidManifest.xml:30:17-85
102                android:value="androidx.startup" />
102-->[androidx.profileinstaller:profileinstaller:1.3.1] AndroidManifest.xml:31:17-49
103        </provider>
104
105        <service
105-->[androidx.camera:camera-camera2:1.3.4] AndroidManifest.xml:24:9-33:19
106            android:name="androidx.camera.core.impl.MetadataHolderService"
106-->[androidx.camera:camera-camera2:1.3.4] AndroidManifest.xml:25:13-75
107            android:enabled="false"
107-->[androidx.camera:camera-camera2:1.3.4] AndroidManifest.xml:26:13-36
108            android:exported="false" >
108-->[androidx.camera:camera-camera2:1.3.4] AndroidManifest.xml:27:13-37
109            <meta-data
109-->[androidx.camera:camera-camera2:1.3.4] AndroidManifest.xml:30:13-32:89
110                android:name="androidx.camera.core.impl.MetadataHolderService.DEFAULT_CONFIG_PROVIDER"
110-->[androidx.camera:camera-camera2:1.3.4] AndroidManifest.xml:31:17-103
111                android:value="androidx.camera.camera2.Camera2Config$DefaultProvider" />
111-->[androidx.camera:camera-camera2:1.3.4] AndroidManifest.xml:32:17-86
112        </service>
113        <service
113-->[androidx.work:work-runtime:2.9.0] AndroidManifest.xml:39:9-45:35
114            android:name="androidx.work.impl.background.systemalarm.SystemAlarmService"
114-->[androidx.work:work-runtime:2.9.0] AndroidManifest.xml:40:13-88
115            android:directBootAware="false"
115-->[androidx.work:work-runtime:2.9.0] AndroidManifest.xml:41:13-44
116            android:enabled="@bool/enable_system_alarm_service_default"
116-->[androidx.work:work-runtime:2.9.0] AndroidManifest.xml:42:13-72
117            android:exported="false" />
117-->[androidx.work:work-runtime:2.9.0] AndroidManifest.xml:43:13-37
118        <service
118-->[androidx.work:work-runtime:2.9.0] AndroidManifest.xml:46:9-52:35
119            android:name="androidx.work.impl.background.systemjob.SystemJobService"
119-->[androidx.work:work-runtime:2.9.0] AndroidManifest.xml:47:13-84
120            android:directBootAware="false"
120-->[androidx.work:work-runtime:2.9.0] AndroidManifest.xml:48:13-44
121            android:enabled="@bool/enable_system_job_service_default"
121-->[androidx.work:work-runtime:2.9.0] AndroidManifest.xml:49:13-70
122            android:exported="true"
122-->[androidx.work:work-runtime:2.9.0] AndroidManifest.xml:50:13-36
123            android:permission="android.permission.BIND_JOB_SERVICE" />
123-->[androidx.work:work-runtime:2.9.0] AndroidManifest.xml:51:13-69
124        <service
124-->[androidx.work:work-runtime:2.9.0] AndroidManifest.xml:53:9-59:35
125            android:name="androidx.work.impl.foreground.SystemForegroundService"
125-->[androidx.work:work-runtime:2.9.0] AndroidManifest.xml:54:13-81
126            android:directBootAware="false"
126-->[androidx.work:work-runtime:2.9.0] AndroidManifest.xml:55:13-44
127            android:enabled="@bool/enable_system_foreground_service_default"
127-->[androidx.work:work-runtime:2.9.0] AndroidManifest.xml:56:13-77
128            android:exported="false" />
128-->[androidx.work:work-runtime:2.9.0] AndroidManifest.xml:57:13-37
129
130        <receiver
130-->[androidx.work:work-runtime:2.9.0] AndroidManifest.xml:61:9-66:35
131            android:name="androidx.work.impl.utils.ForceStopRunnable$BroadcastReceiver"
131-->[androidx.work:work-runtime:2.9.0] AndroidManifest.xml:62:13-88
132            android:directBootAware="false"
132-->[androidx.work:work-runtime:2.9.0] AndroidManifest.xml:63:13-44
133            android:enabled="true"
133-->[androidx.work:work-runtime:2.9.0] AndroidManifest.xml:64:13-35
134            android:exported="false" />
134-->[androidx.work:work-runtime:2.9.0] AndroidManifest.xml:65:13-37
135        <receiver
135-->[androidx.work:work-runtime:2.9.0] AndroidManifest.xml:67:9-77:20
136            android:name="androidx.work.impl.background.systemalarm.ConstraintProxy$BatteryChargingProxy"
136-->[androidx.work:work-runtime:2.9.0] AndroidManifest.xml:68:13-106
137            android:directBootAware="false"
137-->[androidx.work:work-runtime:2.9.0] AndroidManifest.xml:69:13-44
138            android:enabled="false"
138-->[androidx.work:work-runtime:2.9.0] AndroidManifest.xml:70:13-36
139            android:exported="false" >
139-->[androidx.work:work-runtime:2.9.0] AndroidManifest.xml:71:13-37
140            <intent-filter>
140-->[androidx.work:work-runtime:2.9.0] AndroidManifest.xml:73:13-76:29
141                <action android:name="android.intent.action.ACTION_POWER_CONNECTED" />
141-->[androidx.work:work-runtime:2.9.0] AndroidManifest.xml:74:17-87
141-->[androidx.work:work-runtime:2.9.0] AndroidManifest.xml:74:25-84
142                <action android:name="android.intent.action.ACTION_POWER_DISCONNECTED" />
142-->[androidx.work:work-runtime:2.9.0] AndroidManifest.xml:75:17-90
142-->[androidx.work:work-runtime:2.9.0] AndroidManifest.xml:75:25-87
143            </intent-filter>
144        </receiver>
145        <receiver
145-->[androidx.work:work-runtime:2.9.0] AndroidManifest.xml:78:9-88:20
146            android:name="androidx.work.impl.background.systemalarm.ConstraintProxy$BatteryNotLowProxy"
146-->[androidx.work:work-runtime:2.9.0] AndroidManifest.xml:79:13-104
147            android:directBootAware="false"
147-->[androidx.work:work-runtime:2.9.0] AndroidManifest.xml:80:13-44
148            android:enabled="false"
148-->[androidx.work:work-runtime:2.9.0] AndroidManifest.xml:81:13-36
149            android:exported="false" >
149-->[androidx.work:work-runtime:2.9.0] AndroidManifest.xml:82:13-37
150            <intent-filter>
150-->[androidx.work:work-runtime:2.9.0] AndroidManifest.xml:84:13-87:29
151                <action android:name="android.intent.action.BATTERY_OKAY" />
151-->[androidx.work:work-runtime:2.9.0] AndroidManifest.xml:85:17-77
151-->[androidx.work:work-runtime:2.9.0] AndroidManifest.xml:85:25-74
152                <action android:name="android.intent.action.BATTERY_LOW" />
152-->[androidx.work:work-runtime:2.9.0] AndroidManifest.xml:86:17-76
152-->[androidx.work:work-runtime:2.9.0] AndroidManifest.xml:86:25-73
153            </intent-filter>
154        </receiver>
155        <receiver
155-->[androidx.work:work-runtime:2.9.0] AndroidManifest.xml:89:9-99:20
156            android:name="androidx.work.impl.background.systemalarm.ConstraintProxy$StorageNotLowProxy"
156-->[androidx.work:work-runtime:2.9.0] AndroidManifest.xml:90:13-104
157            android:directBootAware="false"
157-->[androidx.work:work-runtime:2.9.0] AndroidManifest.xml:91:13-44
158            android:enabled="false"
158-->[androidx.work:work-runtime:2.9.0] AndroidManifest.xml:92:13-36
159            android:exported="false" >
159-->[androidx.work:work-runtime:2.9.0] AndroidManifest.xml:93:13-37
160            <intent-filter>
160-->[androidx.work:work-runtime:2.9.0] AndroidManifest.xml:95:13-98:29
161                <action android:name="android.intent.action.DEVICE_STORAGE_LOW" />
161-->[androidx.work:work-runtime:2.9.0] AndroidManifest.xml:96:17-83
161-->[androidx.work:work-runtime:2.9.0] AndroidManifest.xml:96:25-80
162                <action android:name="android.intent.action.DEVICE_STORAGE_OK" />
162-->[androidx.work:work-runtime:2.9.0] AndroidManifest.xml:97:17-82
162-->[androidx.work:work-runtime:2.9.0] AndroidManifest.xml:97:25-79
163            </intent-filter>
164        </receiver>
165        <receiver
165-->[androidx.work:work-runtime:2.9.0] AndroidManifest.xml:100:9-109:20
166            android:name="androidx.work.impl.background.systemalarm.ConstraintProxy$NetworkStateProxy"
166-->[androidx.work:work-runtime:2.9.0] AndroidManifest.xml:101:13-103
167            android:directBootAware="false"
167-->[androidx.work:work-runtime:2.9.0] AndroidManifest.xml:102:13-44
168            android:enabled="false"
168-->[androidx.work:work-runtime:2.9.0] AndroidManifest.xml:103:13-36
169            android:exported="false" >
169-->[androidx.work:work-runtime:2.9.0] AndroidManifest.xml:104:13-37
170            <intent-filter>
170-->[androidx.work:work-runtime:2.9.0] AndroidManifest.xml:106:13-108:29
171                <action android:name="android.net.conn.CONNECTIVITY_CHANGE" />
171-->[androidx.work:work-runtime:2.9.0] AndroidManifest.xml:107:17-79
171-->[androidx.work:work-runtime:2.9.0] AndroidManifest.xml:107:25-76
172            </intent-filter>
173        </receiver>
174        <receiver
174-->[androidx.work:work-runtime:2.9.0] AndroidManifest.xml:110:9-121:20
175            android:name="androidx.work.impl.background.systemalarm.RescheduleReceiver"
175-->[androidx.work:work-runtime:2.9.0] AndroidManifest.xml:111:13-88
176            android:directBootAware="false"
176-->[androidx.work:work-runtime:2.9.0] AndroidManifest.xml:112:13-44
177            android:enabled="false"
177-->[androidx.work:work-runtime:2.9.0] AndroidManifest.xml:113:13-36
178            android:exported="false" >
178-->[androidx.work:work-runtime:2.9.0] AndroidManifest.xml:114:13-37
179            <intent-filter>
179-->[androidx.work:work-runtime:2.9.0] AndroidManifest.xml:116:13-120:29
180                <action android:name="android.intent.action.BOOT_COMPLETED" />
180-->[androidx.work:work-runtime:2.9.0] AndroidManifest.xml:117:17-79
180-->[androidx.work:work-runtime:2.9.0] AndroidManifest.xml:117:25-76
181                <action android:name="android.intent.action.TIME_SET" />
181-->[androidx.work:work-runtime:2.9.0] AndroidManifest.xml:118:17-73
181-->[androidx.work:work-runtime:2.9.0] AndroidManifest.xml:118:25-70
182                <action android:name="android.intent.action.TIMEZONE_CHANGED" />
182-->[androidx.work:work-runtime:2.9.0] AndroidManifest.xml:119:17-81
182-->[androidx.work:work-runtime:2.9.0] AndroidManifest.xml:119:25-78
183            </intent-filter>
184        </receiver>
185        <receiver
185-->[androidx.work:work-runtime:2.9.0] AndroidManifest.xml:122:9-131:20
186            android:name="androidx.work.impl.background.systemalarm.ConstraintProxyUpdateReceiver"
186-->[androidx.work:work-runtime:2.9.0] AndroidManifest.xml:123:13-99
187            android:directBootAware="false"
187-->[androidx.work:work-runtime:2.9.0] AndroidManifest.xml:124:13-44
188            android:enabled="@bool/enable_system_alarm_service_default"
188-->[androidx.work:work-runtime:2.9.0] AndroidManifest.xml:125:13-72
189            android:exported="false" >
189-->[androidx.work:work-runtime:2.9.0] AndroidManifest.xml:126:13-37
190            <intent-filter>
190-->[androidx.work:work-runtime:2.9.0] AndroidManifest.xml:128:13-130:29
191                <action android:name="androidx.work.impl.background.systemalarm.UpdateProxies" />
191-->[androidx.work:work-runtime:2.9.0] AndroidManifest.xml:129:17-98
191-->[androidx.work:work-runtime:2.9.0] AndroidManifest.xml:129:25-95
192            </intent-filter>
193        </receiver>
194        <receiver
194-->[androidx.work:work-runtime:2.9.0] AndroidManifest.xml:132:9-142:20
195            android:name="androidx.work.impl.diagnostics.DiagnosticsReceiver"
195-->[androidx.work:work-runtime:2.9.0] AndroidManifest.xml:133:13-78
196            android:directBootAware="false"
196-->[androidx.work:work-runtime:2.9.0] AndroidManifest.xml:134:13-44
197            android:enabled="true"
197-->[androidx.work:work-runtime:2.9.0] AndroidManifest.xml:135:13-35
198            android:exported="true"
198-->[androidx.work:work-runtime:2.9.0] AndroidManifest.xml:136:13-36
199            android:permission="android.permission.DUMP" >
199-->[androidx.work:work-runtime:2.9.0] AndroidManifest.xml:137:13-57
200            <intent-filter>
200-->[androidx.work:work-runtime:2.9.0] AndroidManifest.xml:139:13-141:29
201                <action android:name="androidx.work.diagnostics.REQUEST_DIAGNOSTICS" />
201-->[androidx.work:work-runtime:2.9.0] AndroidManifest.xml:140:17-88
201-->[androidx.work:work-runtime:2.9.0] AndroidManifest.xml:140:25-85
202            </intent-filter>
203        </receiver>
204
205        <service
205-->[com.google.android.gms:play-services-mlkit-barcode-scanning:18.3.0] AndroidManifest.xml:9:9-15:19
206            android:name="com.google.mlkit.common.internal.MlKitComponentDiscoveryService"
206-->[com.google.android.gms:play-services-mlkit-barcode-scanning:18.3.0] AndroidManifest.xml:10:13-91
207            android:directBootAware="true"
207-->[com.google.mlkit:common:18.9.0] AndroidManifest.xml:17:13-43
208            android:exported="false" >
208-->[com.google.android.gms:play-services-mlkit-barcode-scanning:18.3.0] AndroidManifest.xml:11:13-37
209            <meta-data
209-->[com.google.android.gms:play-services-mlkit-barcode-scanning:18.3.0] AndroidManifest.xml:12:13-14:85
210                android:name="com.google.firebase.components:com.google.mlkit.vision.barcode.internal.BarcodeRegistrar"
210-->[com.google.android.gms:play-services-mlkit-barcode-scanning:18.3.0] AndroidManifest.xml:13:17-120
211                android:value="com.google.firebase.components.ComponentRegistrar" />
211-->[com.google.android.gms:play-services-mlkit-barcode-scanning:18.3.0] AndroidManifest.xml:14:17-82
212            <meta-data
212-->[com.google.android.gms:play-services-mlkit-text-recognition-common:19.0.0] AndroidManifest.xml:12:13-14:85
213                android:name="com.google.firebase.components:com.google.mlkit.vision.text.internal.TextRegistrar"
213-->[com.google.android.gms:play-services-mlkit-text-recognition-common:19.0.0] AndroidManifest.xml:13:17-114
214                android:value="com.google.firebase.components.ComponentRegistrar" />
214-->[com.google.android.gms:play-services-mlkit-text-recognition-common:19.0.0] AndroidManifest.xml:14:17-82
215            <meta-data
215-->[com.google.mlkit:vision-common:17.3.0] AndroidManifest.xml:12:13-14:85
216                android:name="com.google.firebase.components:com.google.mlkit.vision.common.internal.VisionCommonRegistrar"
216-->[com.google.mlkit:vision-common:17.3.0] AndroidManifest.xml:13:17-124
217                android:value="com.google.firebase.components.ComponentRegistrar" />
217-->[com.google.mlkit:vision-common:17.3.0] AndroidManifest.xml:14:17-82
218            <meta-data
218-->[com.google.mlkit:common:18.9.0] AndroidManifest.xml:20:13-22:85
219                android:name="com.google.firebase.components:com.google.mlkit.common.internal.CommonComponentRegistrar"
219-->[com.google.mlkit:common:18.9.0] AndroidManifest.xml:21:17-120
220                android:value="com.google.firebase.components.ComponentRegistrar" />
220-->[com.google.mlkit:common:18.9.0] AndroidManifest.xml:22:17-82
221        </service>
222
223        <provider
223-->[com.google.mlkit:common:18.9.0] AndroidManifest.xml:9:9-13:38
224            android:name="com.google.mlkit.common.internal.MlKitInitProvider"
224-->[com.google.mlkit:common:18.9.0] AndroidManifest.xml:10:13-78
225            android:authorities="com.assettrack.mlkitinitprovider"
225-->[com.google.mlkit:common:18.9.0] AndroidManifest.xml:11:13-69
226            android:exported="false"
226-->[com.google.mlkit:common:18.9.0] AndroidManifest.xml:12:13-37
227            android:initOrder="99" />
227-->[com.google.mlkit:common:18.9.0] AndroidManifest.xml:13:13-35
228
229        <activity
229-->[com.google.android.gms:play-services-base:18.5.0] AndroidManifest.xml:5:9-173
230            android:name="com.google.android.gms.common.api.GoogleApiActivity"
230-->[com.google.android.gms:play-services-base:18.5.0] AndroidManifest.xml:5:19-85
231            android:exported="false"
231-->[com.google.android.gms:play-services-base:18.5.0] AndroidManifest.xml:5:146-170
232            android:theme="@android:style/Theme.Translucent.NoTitleBar" />
232-->[com.google.android.gms:play-services-base:18.5.0] AndroidManifest.xml:5:86-145
233
234        <meta-data
234-->[com.google.android.gms:play-services-basement:18.4.0] AndroidManifest.xml:6:9-122
235            android:name="com.google.android.gms.version"
235-->[com.google.android.gms:play-services-basement:18.4.0] AndroidManifest.xml:6:20-65
236            android:value="@integer/google_play_services_version" />
236-->[com.google.android.gms:play-services-basement:18.4.0] AndroidManifest.xml:6:66-119
237
238        <service
238-->[androidx.room:room-runtime:2.6.1] AndroidManifest.xml:24:9-28:63
239            android:name="androidx.room.MultiInstanceInvalidationService"
239-->[androidx.room:room-runtime:2.6.1] AndroidManifest.xml:25:13-74
240            android:directBootAware="true"
240-->[androidx.room:room-runtime:2.6.1] AndroidManifest.xml:26:13-43
241            android:exported="false" />
241-->[androidx.room:room-runtime:2.6.1] AndroidManifest.xml:27:13-37
242
243        <receiver
243-->[androidx.profileinstaller:profileinstaller:1.3.1] AndroidManifest.xml:34:9-52:20
244            android:name="androidx.profileinstaller.ProfileInstallReceiver"
244-->[androidx.profileinstaller:profileinstaller:1.3.1] AndroidManifest.xml:35:13-76
245            android:directBootAware="false"
245-->[androidx.profileinstaller:profileinstaller:1.3.1] AndroidManifest.xml:36:13-44
246            android:enabled="true"
246-->[androidx.profileinstaller:profileinstaller:1.3.1] AndroidManifest.xml:37:13-35
247            android:exported="true"
247-->[androidx.profileinstaller:profileinstaller:1.3.1] AndroidManifest.xml:38:13-36
248            android:permission="android.permission.DUMP" >
248-->[androidx.profileinstaller:profileinstaller:1.3.1] AndroidManifest.xml:39:13-57
249            <intent-filter>
249-->[androidx.profileinstaller:profileinstaller:1.3.1] AndroidManifest.xml:40:13-42:29
250                <action android:name="androidx.profileinstaller.action.INSTALL_PROFILE" />
250-->[androidx.profileinstaller:profileinstaller:1.3.1] AndroidManifest.xml:41:17-91
250-->[androidx.profileinstaller:profileinstaller:1.3.1] AndroidManifest.xml:41:25-88
251            </intent-filter>
252            <intent-filter>
252-->[androidx.profileinstaller:profileinstaller:1.3.1] AndroidManifest.xml:43:13-45:29
253                <action android:name="androidx.profileinstaller.action.SKIP_FILE" />
253-->[androidx.profileinstaller:profileinstaller:1.3.1] AndroidManifest.xml:44:17-85
253-->[androidx.profileinstaller:profileinstaller:1.3.1] AndroidManifest.xml:44:25-82
254            </intent-filter>
255            <intent-filter>
255-->[androidx.profileinstaller:profileinstaller:1.3.1] AndroidManifest.xml:46:13-48:29
256                <action android:name="androidx.profileinstaller.action.SAVE_PROFILE" />
256-->[androidx.profileinstaller:profileinstaller:1.3.1] AndroidManifest.xml:47:17-88
256-->[androidx.profileinstaller:profileinstaller:1.3.1] AndroidManifest.xml:47:25-85
257            </intent-filter>
258            <intent-filter>
258-->[androidx.profileinstaller:profileinstaller:1.3.1] AndroidManifest.xml:49:13-51:29
259                <action android:name="androidx.profileinstaller.action.BENCHMARK_OPERATION" />
259-->[androidx.profileinstaller:profileinstaller:1.3.1] AndroidManifest.xml:50:17-95
259-->[androidx.profileinstaller:profileinstaller:1.3.1] AndroidManifest.xml:50:25-92
260            </intent-filter>
261        </receiver>
262
263        <service
263-->[com.google.android.datatransport:transport-backend-cct:2.3.3] AndroidManifest.xml:29:9-35:19
264            android:name="com.google.android.datatransport.runtime.backends.TransportBackendDiscovery"
264-->[com.google.android.datatransport:transport-backend-cct:2.3.3] AndroidManifest.xml:30:13-103
265            android:exported="false" >
265-->[com.google.android.datatransport:transport-backend-cct:2.3.3] AndroidManifest.xml:31:13-37
266            <meta-data
266-->[com.google.android.datatransport:transport-backend-cct:2.3.3] AndroidManifest.xml:32:13-34:39
267                android:name="backend:com.google.android.datatransport.cct.CctBackendFactory"
267-->[com.google.android.datatransport:transport-backend-cct:2.3.3] AndroidManifest.xml:33:17-94
268                android:value="cct" />
268-->[com.google.android.datatransport:transport-backend-cct:2.3.3] AndroidManifest.xml:34:17-36
269        </service>
270        <service
270-->[com.google.android.datatransport:transport-runtime:2.2.6] AndroidManifest.xml:26:9-30:19
271            android:name="com.google.android.datatransport.runtime.scheduling.jobscheduling.JobInfoSchedulerService"
271-->[com.google.android.datatransport:transport-runtime:2.2.6] AndroidManifest.xml:27:13-117
272            android:exported="false"
272-->[com.google.android.datatransport:transport-runtime:2.2.6] AndroidManifest.xml:28:13-37
273            android:permission="android.permission.BIND_JOB_SERVICE" >
273-->[com.google.android.datatransport:transport-runtime:2.2.6] AndroidManifest.xml:29:13-69
274        </service>
275
276        <receiver
276-->[com.google.android.datatransport:transport-runtime:2.2.6] AndroidManifest.xml:32:9-34:40
277            android:name="com.google.android.datatransport.runtime.scheduling.jobscheduling.AlarmManagerSchedulerBroadcastReceiver"
277-->[com.google.android.datatransport:transport-runtime:2.2.6] AndroidManifest.xml:33:13-132
278            android:exported="false" />
278-->[com.google.android.datatransport:transport-runtime:2.2.6] AndroidManifest.xml:34:13-37
279    </application>
280
281</manifest>